<?xml version="1.0" encoding="UTF-8"?>
<Site BuildName="(empty)"
	BuildStamp="20220117-0918-Experimental"
	Name="(empty)"
	Generator="ctest-3.16.3"
	CompilerName=""
	CompilerVersion=""
	OSName="Linux"
	Hostname="ae-ThinkPad-P15-Gen-1"
	OSRelease="5.11.0-43-generic"
	OSVersion="#47~20.04.2-Ubuntu SMP Mon Dec 13 11:06:56 UTC 2021"
	OSPlatform="x86_64"
	Is64Bits="1"
	VendorString="GenuineIntel"
	VendorID="Intel Corporation"
	FamilyID="6"
	ModelID="165"
	ProcessorCacheSize="12288"
	NumberOfLogicalCPU="12"
	NumberOfPhysicalCPU="6"
	TotalVirtualMemory="2047"
	TotalPhysicalMemory="31767"
	LogicalProcessorsPerPhysical="2"
	ProcessorClockFrequency="2600"
	>
	<Testing>
		<StartDateTime>Jan 17 17:18 CST</StartDateTime>
		<StartTestTime>1642411112</StartTestTime>
		<TestList/>
		<EndDateTime>Jan 17 17:18 CST</EndDateTime>
		<EndTestTime>1642411112</EndTestTime>
		<ElapsedMinutes>0</ElapsedMinutes>
	</Testing>
</Site>
